[19:56:30] This is prokka 1.14.6
[19:56:30] Written by Torsten Seemann <torsten.seemann@gmail.com>
[19:56:30] Homepage is https://github.com/tseemann/prokka
[19:56:30] Local time is Wed Jan 31 19:56:30 2024
[19:56:30] You are juantejedor
[19:56:30] Operating system is linux
[19:56:30] You have BioPerl 1.7.8
[19:56:30] System has 12 cores.
[19:56:30] Will use maximum of 10 cores.
[19:56:30] Annotating as >>> Bacteria <<<
[19:56:30] Generating locus_tag from '02results/unicycler/assembly.fasta' contents.
[19:56:30] Setting --locustag KJMONHIK from MD5 43687124cc30bbf06843fdd8109eb896
[19:56:30] Creating new output folder: 02results/prokka/
[19:56:30] Running: mkdir -p 02results\/prokka\/
[19:56:30] Using filename prefix: PROKKA_01312024.XXX
[19:56:30] Setting HMMER_NCPU=1
[19:56:30] Writing log to: 02results/prokka//PROKKA_01312024.log
[19:56:30] Command: /home/juantejedor/miniconda3/envs/genomica/bin/prokka --addgenes --mincontiglen 10000 --cpus 10 --outdir 02results/prokka/ 02results/unicycler/assembly.fasta
[19:56:30] Appending to PATH: /home/juantejedor/miniconda3/envs/genomica/bin
[19:56:30] Looking for 'aragorn' - found /home/juantejedor/miniconda3/envs/genomica/bin/aragorn
[19:56:30] Determined aragorn version is 001002 from 'ARAGORN v1.2.41 Dean Laslett'
[19:56:30] Looking for 'barrnap' - found /home/juantejedor/miniconda3/envs/genomica/bin/barrnap
[19:56:30] Determined barrnap version is 000009 from 'barrnap 0.9'
[19:56:30] Looking for 'blastp' - found /home/juantejedor/miniconda3/envs/genomica/bin/blastp
[19:56:30] Determined blastp version is 002014 from 'blastp: 2.14.1+'
[19:56:30] Looking for 'cmpress' - found /home/juantejedor/miniconda3/envs/genomica/bin/cmpress
[19:56:30] Determined cmpress version is 001001 from '# INFERNAL 1.1.4 (Dec 2020)'
[19:56:30] Looking for 'cmscan' - found /home/juantejedor/miniconda3/envs/genomica/bin/cmscan
[19:56:30] Determined cmscan version is 001001 from '# INFERNAL 1.1.4 (Dec 2020)'
[19:56:30] Looking for 'egrep' - found /usr/bin/egrep
[19:56:30] Looking for 'find' - found /usr/bin/find
[19:56:30] Looking for 'grep' - found /usr/bin/grep
[19:56:30] Looking for 'hmmpress' - found /home/juantejedor/miniconda3/envs/genomica/bin/hmmpress
[19:56:30] Determined hmmpress version is 003004 from '# HMMER 3.4 (Aug 2023); http://hmmer.org/'
[19:56:30] Looking for 'hmmscan' - found /home/juantejedor/miniconda3/envs/genomica/bin/hmmscan
[19:56:30] Determined hmmscan version is 003004 from '# HMMER 3.4 (Aug 2023); http://hmmer.org/'
[19:56:30] Looking for 'java' - found /home/juantejedor/miniconda3/envs/genomica/bin/java
[19:56:30] Looking for 'makeblastdb' - found /home/juantejedor/miniconda3/envs/genomica/bin/makeblastdb
[19:56:30] Determined makeblastdb version is 002014 from 'makeblastdb: 2.14.1+'
[19:56:30] Looking for 'minced' - found /home/juantejedor/miniconda3/envs/genomica/bin/minced
[19:56:30] Determined minced version is 004002 from 'minced 0.4.2'
[19:56:30] Looking for 'parallel' - found /home/juantejedor/miniconda3/envs/genomica/bin/parallel
[19:56:30] Determined parallel version is 20240122 from 'GNU parallel 20240122'
[19:56:30] Looking for 'prodigal' - found /home/juantejedor/miniconda3/envs/genomica/bin/prodigal
[19:56:30] Determined prodigal version is 002006 from 'Prodigal V2.6.3: February, 2016'
[19:56:30] Looking for 'prokka-genbank_to_fasta_db' - found /home/juantejedor/miniconda3/envs/genomica/bin/prokka-genbank_to_fasta_db
[19:56:30] Looking for 'sed' - found /usr/bin/sed
[19:56:30] Looking for 'tbl2asn' - found /home/juantejedor/miniconda3/envs/genomica/bin/tbl2asn
[19:56:30] Determined tbl2asn version is 025007 from 'tbl2asn 25.7   arguments:'
[19:56:30] Using genetic code table 11.
[19:56:30] Loading and checking input file: 02results/unicycler/assembly.fasta
[19:56:31] Skipping short (<10000 bp) contig: 12
[19:56:31] Skipping short (<10000 bp) contig: 13
[19:56:31] Skipping short (<10000 bp) contig: 14
[19:56:31] Skipping short (<10000 bp) contig: 15
[19:56:31] Skipping short (<10000 bp) contig: 16
[19:56:31] Skipping short (<10000 bp) contig: 17
[19:56:31] Skipping short (<10000 bp) contig: 18
[19:56:31] Skipping short (<10000 bp) contig: 19
[19:56:31] Skipping short (<10000 bp) contig: 20
[19:56:31] Skipping short (<10000 bp) contig: 21
[19:56:31] Skipping short (<10000 bp) contig: 22
[19:56:31] Skipping short (<10000 bp) contig: 23
[19:56:31] Skipping short (<10000 bp) contig: 24
[19:56:31] Skipping short (<10000 bp) contig: 25
[19:56:31] Skipping short (<10000 bp) contig: 26
[19:56:31] Wrote 11 contigs totalling 3979238 bp.
[19:56:31] Predicting tRNAs and tmRNAs
[19:56:31] Running: aragorn -l -gc11  -w 02results\/prokka\/\/PROKKA_01312024\.fna
[19:56:31] 1 tRNA-Leu [236,319] 36 (caa)
[19:56:31] 2 tRNA-Gly [12585,12658] 33 (tcc)
[19:56:31] 3 tRNA-Val [308116,308190] 35 (gac)
[19:56:31] 4 tRNA-Arg c[1078944,1079016] 34 (cct)
[19:56:31] 1 tRNA-Ala c[15662,15734] 34 (ggc)
[19:56:31] 2 tmRNA c[278748,279107] 87,134 GKTNSFNQNVALAA**
[19:56:31] 3 tRNA-Arg c[377748,377828] 36 (ccg)
[19:56:31] 4 tRNA-Phe c[1012082,1012155] 34 (gaa)
[19:56:31] 5 tRNA-Asp c[1012191,1012267] 35 (gtc)
[19:56:31] 6 tRNA-Glu c[1012350,1012421] 34 (ttc)
[19:56:31] 7 tRNA-Lys c[1012431,1012506] 34 (ttt)
[19:56:31] 1 tRNA-Gln [364740,364810] 33 (ttg)
[19:56:31] 2 tRNA-Arg c[636617,636692] 36 (tct)
[19:56:31] 1 tRNA-Glu [18056,18130] 34 (ttc)
[19:56:31] 2 tRNA-Val [18134,18209] 34 (tac)
[19:56:31] 3 tRNA-Thr [18214,18287] 34 (tgt)
[19:56:31] 4 tRNA-Tyr [18309,18393] 35 (gta)
[19:56:31] 5 tRNA-Gln [18400,18474] 34 (ttg)
[19:56:31] 1 tRNA-Leu c[98216,98299] 34 (gag)
[19:56:31] 1 tRNA-Glu c[20100,20175] 35 (ttc)
[19:56:31] 2 tRNA-Met c[20184,20260] 35 (cat)
[19:56:31] 1 tRNA-Ser c[7801,7893] 37 (tga)
[19:56:31] Found 22 tRNAs
[19:56:31] Predicting Ribosomal RNAs
[19:56:31] Running Barrnap with 10 threads
[19:56:32] Found 0 rRNAs
[19:56:32] Skipping ncRNA search, enable with --rfam if desired.
[19:56:32] Total of 21 tRNA + rRNA features
[19:56:32] Searching for CRISPR repeats
[19:56:32] Found 0 CRISPRs
[19:56:32] Predicting coding sequences
[19:56:32] Contigs total 3979238 bp, so using single mode
[19:56:32] Running: prodigal -i 02results\/prokka\/\/PROKKA_01312024\.fna -c -m -g 11 -p single -f sco -q
[19:56:35] Excluding CDS which overlaps existing RNA (tRNA) at 3:364653..364880 on - strand
[19:56:35] Found 3975 CDS
[19:56:35] Connecting features back to sequences
[19:56:35] Not using genus-specific database. Try --usegenus to enable it.
[19:56:35] Annotating CDS, please be patient.
[19:56:35] Will use 10 CPUs for similarity searching.
[19:56:36] There are still 3975 unannotated CDS left (started with 3975)
[19:56:36] Will use blast to search against /home/juantejedor/miniconda3/envs/genomica/db/kingdom/Bacteria/IS with 10 CPUs
[19:56:36] Running: cat 02results\/prokka\/\/PROKKA_01312024\.IS\.tmp\.116949\.faa | parallel --gnu --plain -j 10 --block 60181 --recstart '>' --pipe blastp -query - -db /home/juantejedor/miniconda3/envs/genomica/db/kingdom/Bacteria/IS -evalue 1e-30 -qcov_hsp_perc 90 -num_threads 1 -num_descriptions 1 -num_alignments 1 -seg no > 02results\/prokka\/\/PROKKA_01312024\.IS\.tmp\.116949\.blast 2> /dev/null
[19:56:43] Deleting unwanted file: 02results/prokka//PROKKA_01312024.IS.tmp.116949.faa
[19:56:43] Deleting unwanted file: 02results/prokka//PROKKA_01312024.IS.tmp.116949.blast
[19:56:44] There are still 3960 unannotated CDS left (started with 3975)
[19:56:44] Will use blast to search against /home/juantejedor/miniconda3/envs/genomica/db/kingdom/Bacteria/AMR with 10 CPUs
[19:56:44] Running: cat 02results\/prokka\/\/PROKKA_01312024\.AMR\.tmp\.116949\.faa | parallel --gnu --plain -j 10 --block 59996 --recstart '>' --pipe blastp -query - -db /home/juantejedor/miniconda3/envs/genomica/db/kingdom/Bacteria/AMR -evalue 1e-300 -qcov_hsp_perc 90 -num_threads 1 -num_descriptions 1 -num_alignments 1 -seg no > 02results\/prokka\/\/PROKKA_01312024\.AMR\.tmp\.116949\.blast 2> /dev/null
[19:56:50] Deleting unwanted file: 02results/prokka//PROKKA_01312024.AMR.tmp.116949.faa
[19:56:50] Deleting unwanted file: 02results/prokka//PROKKA_01312024.AMR.tmp.116949.blast
[19:56:51] There are still 3959 unannotated CDS left (started with 3975)
[19:56:51] Will use blast to search against /home/juantejedor/miniconda3/envs/genomica/db/kingdom/Bacteria/sprot with 10 CPUs
[19:56:51] Running: cat 02results\/prokka\/\/PROKKA_01312024\.sprot\.tmp\.116949\.faa | parallel --gnu --plain -j 10 --block 59969 --recstart '>' --pipe blastp -query - -db /home/juantejedor/miniconda3/envs/genomica/db/kingdom/Bacteria/sprot -evalue 1e-09 -qcov_hsp_perc 80 -num_threads 1 -num_descriptions 1 -num_alignments 1 -seg no > 02results\/prokka\/\/PROKKA_01312024\.sprot\.tmp\.116949\.blast 2> /dev/null
[19:57:19] Modify product: Uncharacterized protein YlbL => putative protein YlbL
[19:57:19] Modify product: Uncharacterized N-acetyltransferase YlbP => putative N-acetyltransferase YlbP
[19:57:19] Modify product: Probable peptidoglycan glycosyltransferase FtsW => putative peptidoglycan glycosyltransferase FtsW
[19:57:19] Modify product: UPF0749 protein YlxW => hypothetical protein
[19:57:19] Modify product: Uncharacterized ABC transporter ATP-binding protein YlmA => putative ABC transporter ATP-binding protein YlmA
[19:57:19] Modify product: Probable sporulation protein YlmC => putative sporulation protein YlmC
[19:57:19] Modify product: Probable adenylyl-sulfate kinase => putative adenylyl-sulfate kinase
[19:57:19] Modify product: Rqc2 homolog RqcH => Rqc2 RqcH
[19:57:19] Modify product: UPF0701 protein HI_0467 => hypothetical protein
[19:57:19] Modify product: Probable dual-specificity RNA methyltransferase RlmN => putative dual-specificity RNA methyltransferase RlmN
[19:57:19] Modify product: Uncharacterized protein Spy1614 => putative protein
[19:57:19] Modify product: Uncharacterized protein SA1069 => putative protein
[19:57:19] Modify product: Uncharacterized protein YlqB => putative protein YlqB
[19:57:19] Modify product: UPF0122 protein SAV1236 => hypothetical protein
[19:57:19] Modify product: Probable ATP synthase YscN => putative ATP synthase YscN
[19:57:19] Modify product: Probable ribosomal protein YlxQ => putative ribosomal protein YlxQ
[19:57:19] Modify product: Uncharacterized protein YvyC => putative protein YvyC
[19:57:19] Modify product: Uncharacterized protein YviE => putative protein YviE
[19:57:19] Modify product: Uncharacterized protein YvyG => putative protein YvyG
[19:57:19] Modify product: Probable undecaprenyl-phosphate N-acetylglucosaminyl 1-phosphate transferase => putative undecaprenyl-phosphate N-acetylglucosaminyl 1-phosphate transferase
[19:57:19] Modify product: Probable metabolite transport protein CsbC => putative metabolite transport protein CsbC
[19:57:19] Modify product: Probable capsular polysaccharide biosynthesis protein YwqC => putative capsular polysaccharide biosynthesis protein YwqC
[19:57:19] Modify product: Uncharacterized protein YwpG => putative protein YwpG
[19:57:19] Modify product: Uncharacterized HTH-type transcriptional regulator BA_1941/GBAA_1941/BAS1801 => putative HTH-type transcriptional regulator/GBAA_1941/BAS1801
[19:57:19] Modify product: Uncharacterized MFS-type transporter YhhS => putative MFS-type transporter YhhS
[19:57:19] Modify product: Probable allantoin permease => putative allantoin permease
[19:57:19] Modify product: Uncharacterized protein YwmB => putative protein YwmB
[19:57:19] Modify product: Probable spore germination protein GerPF => putative spore germination protein GerPF
[19:57:19] Modify product: Probable spore germination protein GerPD => putative spore germination protein GerPD
[19:57:19] Modify product: Probable spore germination protein GerPC => putative spore germination protein GerPC
[19:57:19] Modify product: Probable spore germination protein GerPB => putative spore germination protein GerPB
[19:57:19] Modify product: Probable spore germination protein GerPA => putative spore germination protein GerPA
[19:57:19] Modify product: Uncharacterized protein YisK => putative protein YisK
[19:57:19] Modify product: Uncharacterized protein YizA => putative protein YizA
[19:57:19] Modify product: Probable FMN/FAD exporter YeeO => putative FMN/FAD exporter YeeO
[19:57:19] Modify product: Probable adenylyl-sulfate kinase => putative adenylyl-sulfate kinase
[19:57:19] Modify product: Probable 2-phosphosulfolactate phosphatase => putative 2-phosphosulfolactate phosphatase
[19:57:19] Modify product: UPF0234 protein Rv0566c => hypothetical protein
[19:57:19] Modify product: Fatty acid-binding protein TM_1468 => Fatty acid-binding protein
[19:57:19] Modify product: Purine-binding protein BAB2_0673 => Purine-binding protein
[19:57:19] Modify product: UPF0413 protein YjbH => hypothetical protein
[19:57:19] Modify product: Uncharacterized N-acetyltransferase YjcF => putative N-acetyltransferase YjcF
[19:57:19] Modify product: Probable ribonuclease YokI => putative ribonuclease YokI
[19:57:19] Modify product: Uncharacterized protein YjfB => putative protein YjfB
[19:57:19] Modify product: Uncharacterized protein YjgB => putative protein YjgB
[19:57:19] Modify product: Putative formate dehydrogenase SA2102 => Putative formate dehydrogenase
[19:57:19] Modify product: Uncharacterized lipoprotein YjhA => putative lipoprotein YjhA
[19:57:19] Modify product: Probable iron export permease protein FetB => putative iron export permease protein FetB
[19:57:19] Modify product: Uncharacterized protein YjlC => putative protein YjlC
[19:57:19] Modify product: Uncharacterized symporter YjmB => putative symporter YjmB
[19:57:19] Modify product: Uncharacterized oxidoreductase YjmC => putative oxidoreductase YjmC
[19:57:19] Modify product: Uncharacterized zinc-type alcohol dehydrogenase-like protein YjmD => putative zinc-type alcohol dehydrogenase-like protein YjmD
[19:57:19] Modify product: Uncharacterized oxidoreductase UxuB => putative oxidoreductase UxuB
[19:57:19] Modify product: Probable HTH-type transcriptional repressor ExuR => putative HTH-type transcriptional repressor ExuR
[19:57:19] Modify product: Uncharacterized protein YjoA => putative protein YjoA
[19:57:19] Modify product: Uncharacterized ATPase YjoB => putative ATPase YjoB
[19:57:19] Modify product: UPF0714 protein YmaC => hypothetical protein
[19:57:19] Modify product: Probable manganese catalase => putative manganese catalase
[19:57:19] Modify product: Uncharacterized protein YqbD => putative protein YqbD
[19:57:19] Modify product: Uncharacterized protein YqbG => putative protein YqbG
[19:57:19] Modify product: Uncharacterized protein YqbN => putative protein YqbN
[19:57:19] Modify product: UPF0340 protein YwlG => hypothetical protein
[19:57:19] Modify product: Probable manganese efflux pump MntP => putative manganese efflux pump MntP
[19:57:19] Modify product: Probable NAD-dependent malic enzyme 2 => putative NAD-dependent malic enzyme 2
[19:57:19] Modify product: Probable fructose-bisphosphate aldolase => putative fructose-bisphosphate aldolase
[19:57:19] Modify product: Probable iron-sulfur-binding oxidoreductase FadF => putative iron-sulfur-binding oxidoreductase FadF
[19:57:19] Modify product: Putative multidrug export ATP-binding/permease protein SAV1866 => Putative multidrug export ATP-binding/permease protein
[19:57:19] Modify product: Probable cardiolipin synthase YwiE => putative cardiolipin synthase YwiE
[19:57:19] Modify product: Probable transcription regulator ArfM => putative transcription regulator ArfM
[19:57:19] Modify product: Probable nitrate transporter NarT => putative nitrate transporter NarT
[19:57:19] Modify product: Uncharacterized beta-barrel protein YwiB => putative beta-barrel protein YwiB
[19:57:19] Modify product: Uncharacterized protein YwhK => putative protein YwhK
[19:57:19] Modify product: Putative heme-dependent peroxidase GK3416 => Putative heme-dependent peroxidase
[19:57:19] Modify product: Probable biofilm-surface layer protein B => putative biofilm-surface layer protein B
[19:57:19] Modify product: UPF0382 membrane protein YwdK => hypothetical protein
[19:57:19] Modify product: Uncharacterized protein YwdI => putative protein YwdI
[19:57:19] Modify product: Probable deferrochelatase/peroxidase EfeN => putative deferrochelatase/peroxidase EfeN
[19:57:19] Modify product: Probable iron uptake system component EfeM => putative iron uptake system component EfeM
[19:57:19] Modify product: Probable 6-phospho-beta-glucosidase => putative 6-phospho-beta-glucosidase
[19:57:19] Modify product: Probable licABCH operon regulator => putative licABCH operon regulator
[19:57:19] Modify product: Uncharacterized transmembrane protein YxlG => putative transmembrane protein YxlG
[19:57:19] Modify product: Uncharacterized ABC transporter ATP-binding protein YxlF => putative ABC transporter ATP-binding protein YxlF
[19:57:19] Modify product: Uncharacterized protein YxlC => putative protein YxlC
[19:57:19] Modify product: Probable ABC transporter ATP-binding/permease protein HI_0664 => putative ABC transporter ATP-binding/permease protein
[19:57:19] Modify product: Probable propionyl-CoA carboxylase beta chain 5 => putative propionyl-CoA carboxylase beta chain 5
[19:57:19] Modify product: Uncharacterized protein YoeB => putative protein YoeB
[19:57:19] Modify product: Probable formaldehyde dehydrogenase AdhA => putative formaldehyde dehydrogenase AdhA
[19:57:19] Modify product: Probable cystine transporter YijE => putative cystine transporter YijE
[19:57:19] Modify product: Uncharacterized protease YdeA => putative protease YdeA
[19:57:19] Modify product: Acetyltransferase PA3944 => Acetyltransferase
[19:57:19] Modify product: Uncharacterized membrane protein YuaF => putative membrane protein YuaF
[19:57:19] Modify product: Uncharacterized HTH-type transcriptional regulator YdjF => putative HTH-type transcriptional regulator YdjF
[19:57:19] Modify product: UPF0047 protein Rv2556c => hypothetical protein
[19:57:19] Modify product: UPF0053 protein Rv1842c => hypothetical protein
[19:57:19] Modify product: Probable siderophore transport system ATP-binding protein YusV => putative siderophore transport system ATP-binding protein YusV
[19:57:19] Modify product: Uncharacterized inner membrane transporter YicL => putative inner membrane transporter YicL
[19:57:19] Modify product: Probable protein-export membrane protein SecG => putative protein-export membrane protein SecG
[19:57:19] Modify product: Uncharacterized N-acetyltransferase YvbK => putative N-acetyltransferase YvbK
[19:57:20] Modify product: Uncharacterized amino acid permease YvbW => putative amino acid permease YvbW
[19:57:20] Modify product: Uncharacterized protein YvfG => putative protein YvfG
[19:57:20] Modify product: Uncharacterized sugar transferase EpsL => putative sugar transferase EpsL
[19:57:20] Modify product: Uncharacterized membrane protein EpsK => putative membrane protein EpsK
[19:57:20] Modify product: Uncharacterized glycosyltransferase EpsJ => putative glycosyltransferase EpsJ
[19:57:20] Modify product: Probable capsular polysaccharide biosynthesis protein YwqC => putative capsular polysaccharide biosynthesis protein YwqC
[19:57:20] Modify product: UPF0311 protein CA_C3321 => hypothetical protein
[19:57:20] Modify product: Uncharacterized HTH-type transcriptional regulator YvdT => putative HTH-type transcriptional regulator YvdT
[19:57:20] Modify product: Probable cell division protein WhiA => putative cell division protein WhiA
[19:57:20] Modify product: Uncharacterized zinc protease Rv2782c => putative zinc protease
[19:57:20] Modify product: Uncharacterized protein YflH => putative protein YflH
[19:57:20] Modify product: Uncharacterized protein YmcA => putative protein YmcA
[19:57:20] Modify product: Probable polyketide biosynthesis zinc-dependent hydrolase PksB => putative polyketide biosynthesis zinc-dependent hydrolase PksB
[19:57:20] Modify product: Polyketide biosynthesis acyltransferase homolog PksD => Polyketide biosynthesis acyltransferase PksD
[19:57:20] Modify product: Probable polyketide biosynthesis enoyl-CoA hydratase PksH => putative polyketide biosynthesis enoyl-CoA hydratase PksH
[19:57:20] Modify product: UPF0714 protein YmaC => hypothetical protein
[19:57:20] Modify product: Uncharacterized protein YmzC => putative protein YmzC
[19:57:20] Modify product: Probable deoxyuridine 5'-triphosphate nucleotidohydrolase YncF => putative deoxyuridine 5'-triphosphate nucleotidohydrolase YncF
[19:57:20] Modify product: Uncharacterized protein YncM => putative protein YncM
[19:57:20] Modify product: Uncharacterized protein YndB => putative protein YndB
[19:57:20] Modify product: Probable chromate transport protein => putative chromate transport protein
[19:57:20] Modify product: UPF0714 protein YndL => hypothetical protein
[19:57:20] Modify product: Resolvase homolog YneB => Resolvase YneB
[19:57:20] Modify product: UPF0291 protein YnzC => hypothetical protein
[19:57:20] Modify product: UPF0154 protein SA1178 => hypothetical protein
[19:57:20] Modify product: Uncharacterized protein SA1186 => putative protein
[19:57:20] Modify product: Uncharacterized protein YccU => putative protein YccU
[19:57:20] Modify product: Uncharacterized protein YnfE => putative protein YnfE
[19:57:20] Modify product: Stress response UPF0229 protein YhbH => hypothetical protein
[19:57:20] Modify product: Probable spore germination lipoprotein YhcN => putative spore germination lipoprotein YhcN
[19:57:20] Modify product: Probable peptidoglycan endopeptidase LytE => putative peptidoglycan endopeptidase LytE
[19:57:20] Modify product: Uncharacterized amino acid permease YhdG => putative amino acid permease YhdG
[19:57:20] Modify product: Probable anti-sigma-M factor YhdK => putative anti-sigma-M factor YhdK
[19:57:20] Modify product: Probable anti-sigma-M factor YhdL => putative anti-sigma-M factor YhdL
[19:57:20] Modify product: UPF0053 protein Rv1842c => hypothetical protein
[19:57:20] Modify product: UPF0053 protein Rv1842c => hypothetical protein
[19:57:20] Modify product: Peptidoglycan-N-acetylglucosamine deacetylase BC_1974 => Peptidoglycan-N-acetylglucosamine deacetylase
[19:57:20] Modify product: Probable multidrug resistance ABC transporter ATP-binding/permease protein YheI => putative multidrug resistance ABC transporter ATP-binding/permease protein YheI
[19:57:20] Modify product: Probable multidrug resistance ABC transporter ATP-binding/permease protein YheH => putative multidrug resistance ABC transporter ATP-binding/permease protein YheH
[19:57:20] Modify product: UPF0754 membrane protein SA1664 => hypothetical protein
[19:57:20] Modify product: UPF0342 protein YheA => hypothetical protein
[19:57:20] Modify product: Uncharacterized protein YhaZ => putative protein YhaZ
[19:57:20] Modify product: Multidrug efflux system ATP-binding protein Rv1218c => Multidrug efflux system ATP-binding protein
[19:57:20] Modify product: Uncharacterized protein YhaP => putative protein YhaP
[19:57:20] Modify product: Uncharacterized metallophosphoesterase YhaO => putative metallophosphoesterase YhaO
[19:57:20] Modify product: Uncharacterized protein YhaN => putative protein YhaN
[19:57:20] Modify product: Uncharacterized protein YhaI => putative protein YhaI
[19:57:20] Modify product: Probable tryptophan transport protein => putative tryptophan transport protein
[19:57:20] Modify product: Uncharacterized protein Rv1339 => putative protein
[19:57:20] Modify product: Uncharacterized sugar epimerase YhfK => putative sugar epimerase YhfK
[19:57:20] Modify product: Uncharacterized acyl--CoA ligase YhfT => putative acyl--CoA ligase YhfT
[19:57:20] Modify product: Probable biotin transporter BioY => putative biotin transporter BioY
[19:57:20] Modify product: Uncharacterized oxidoreductase YghA => putative oxidoreductase YghA
[19:57:20] Modify product: Uncharacterized symporter YodF => putative symporter YodF
[19:57:20] Modify product: Probable N-acetyl-LL-diaminopimelate aminotransferase => putative N-acetyl-LL-diaminopimelate aminotransferase
[19:57:20] Modify product: Putative esterase HI_1161 => Putative esterase
[19:57:20] Modify product: Uncharacterized protein YueI => putative protein YueI
[19:57:20] Modify product: Probable spore germination protein GerPF => putative spore germination protein GerPF
[19:57:20] Modify product: Putative transport protein Rv0205 => Putative transport protein
[19:57:20] Modify product: Uncharacterized protein YuiC => putative protein YuiC
[19:57:20] Modify product: NADH dehydrogenase-like protein SAOUHSC_00878 => NADH dehydrogenase-like protein
[19:57:20] Modify product: Protein aq_1857 => Protein
[19:57:20] Modify product: Uncharacterized protein YpjQ => putative protein YpjQ
[19:57:20] Modify product: UPF0331 protein YutE => hypothetical protein
[19:57:20] Modify product: Uncharacterized protein YutD => putative protein YutD
[19:57:20] Modify product: Probable xanthine dehydrogenase subunit E => putative xanthine dehydrogenase subunit E
[19:57:20] Modify product: Probable xanthine dehydrogenase subunit D => putative xanthine dehydrogenase subunit D
[19:57:20] Modify product: Probable xanthine dehydrogenase subunit C => putative xanthine dehydrogenase subunit C
[19:57:20] Modify product: Probable xanthine dehydrogenase subunit A => putative xanthine dehydrogenase subunit A
[19:57:20] Modify product: Uncharacterized HTH-type transcriptional regulator YurK => putative HTH-type transcriptional regulator YurK
[19:57:20] Modify product: UPF0051 protein SA0778 => hypothetical protein
[19:57:20] Modify product: UPF0051 protein SA0778 => hypothetical protein
[19:57:20] Modify product: Probable acyl-CoA dehydrogenase => putative acyl-CoA dehydrogenase
[19:57:20] Modify product: Probable 3-hydroxyacyl-CoA dehydrogenase => putative 3-hydroxyacyl-CoA dehydrogenase
[19:57:20] Modify product: Uncharacterized HTH-type transcriptional regulator YusO => putative HTH-type transcriptional regulator YusO
[19:57:20] Modify product: Probable siderophore transport system ATP-binding protein YusV => putative siderophore transport system ATP-binding protein YusV
[19:57:20] Modify product: Uncharacterized protein YvrJ => putative protein YvrJ
[19:57:20] Modify product: Uncharacterized ABC transporter ATP-binding protein YknY => putative ABC transporter ATP-binding protein YknY
[19:57:20] Modify product: Uncharacterized glycosyltransferase sll0501 => putative glycosyltransferase
[19:57:20] Modify product: Probable murein peptide carboxypeptidase => putative murein peptide carboxypeptidase
[19:57:20] Modify product: Acetyltransferase PA3944 => Acetyltransferase
[19:57:20] Modify product: Probable guanidinium efflux system subunit GdnC => putative guanidinium efflux system subunit GdnC
[19:57:20] Modify product: Probable guanidinium efflux system subunit GdnD => putative guanidinium efflux system subunit GdnD
[19:57:20] Modify product: Uncharacterized protein YkoJ => putative protein YkoJ
[19:57:20] Modify product: Uncharacterized protein YpbG => putative protein YpbG
[19:57:20] Modify product: Uncharacterized glycosyltransferase YkoT => putative glycosyltransferase YkoT
[19:57:20] Modify product: Uncharacterized protein YkvR => putative protein YkvR
[19:57:20] Modify product: Uncharacterized protein YkvT => putative protein YkvT
[19:57:20] Modify product: Uncharacterized peptidase SA1530 => putative peptidase
[19:57:20] Modify product: Probable N-acetyl-LL-diaminopimelate aminotransferase => putative N-acetyl-LL-diaminopimelate aminotransferase
[19:57:20] Modify product: Probable 2,4-dienoyl-CoA reductase => putative 2,4-dienoyl-CoA reductase
[19:57:20] Modify product: Uncharacterized EAL-domain containing protein YkuI => putative EAL-domain containing protein YkuI
[19:57:20] Modify product: Uncharacterized protein YkuJ => putative protein YkuJ
[19:57:20] Modify product: Uncharacterized protein YkzF => putative protein YkzF
[19:57:20] Modify product: Uncharacterized MscS family protein YkuT => putative MscS family protein YkuT
[19:57:20] Modify product: Probable molybdenum cofactor guanylyltransferase => putative molybdenum cofactor guanylyltransferase
[19:57:20] Modify product: Putative multidrug export ATP-binding/permease protein SAV1866 => Putative multidrug export ATP-binding/permease protein
[19:57:20] Modify product: Uncharacterized ABC transporter ATP-binding protein TM_0288 => putative ABC transporter ATP-binding protein
[19:57:20] Modify product: Uncharacterized ABC transporter ATP-binding protein YknY => putative ABC transporter ATP-binding protein YknY
[19:57:20] Modify product: Uncharacterized ABC transporter permease YknZ => putative ABC transporter permease YknZ
[19:57:20] Modify product: Uncharacterized ABC transporter ATP-binding protein YbiT => putative ABC transporter ATP-binding protein YbiT
[19:57:20] Modify product: UPF0356 protein M6_Spy1605 => hypothetical protein
[19:57:20] Modify product: UPF0223 protein BH2638 => hypothetical protein
[19:57:20] Modify product: UPF0637 protein YktB => hypothetical protein
[19:57:20] Modify product: UPF0358 protein YlaN => hypothetical protein
[19:57:20] Modify product: Probable peptidoglycan glycosyltransferase FtsW => putative peptidoglycan glycosyltransferase FtsW
[19:57:20] Modify product: UPF0302 protein BA_1542/GBAA_1542/BAS1430 => hypothetical protein
[19:57:20] Modify product: 30S ribosomal protein S1 homolog => 30S ribosomal protein S1 
[19:57:20] Modify product: Uncharacterized protein YpfA => putative protein YpfA
[19:57:20] Modify product: Uncharacterized protein YpbG => putative protein YpbG
[19:57:20] Modify product: Uncharacterized protein YpuA => putative protein YpuA
[19:57:20] Modify product: Probable peptidoglycan glycosyltransferase FtsW => putative peptidoglycan glycosyltransferase FtsW
[19:57:20] Modify product: Probable peptidoglycan glycosyltransferase FtsW => putative peptidoglycan glycosyltransferase FtsW
[19:57:20] Modify product: Uncharacterized protein YqjZ => putative protein YqjZ
[19:57:20] Modify product: Uncharacterized protein YqjY => putative protein YqjY
[19:57:20] Modify product: Uncharacterized oxidoreductase SA2266 => putative oxidoreductase
[19:57:20] Modify product: UPF0403 protein SA1345 => hypothetical protein
[19:57:20] Modify product: Probable 3-hydroxybutyryl-CoA dehydrogenase => putative 3-hydroxybutyryl-CoA dehydrogenase
[19:57:20] Modify product: Uncharacterized oxidoreductase SpyM50865 => putative oxidoreductase
[19:57:20] Modify product: Bifunctional protein FolD => Bifunctional protein FolD protein
[19:57:20] Modify product: Probable glycine dehydrogenase (decarboxylating) subunit 2 => putative glycine dehydrogenase (decarboxylating) subunit 2
[19:57:20] Modify product: Probable glycine dehydrogenase (decarboxylating) subunit 1 => putative glycine dehydrogenase (decarboxylating) subunit 1
[19:57:20] Modify product: Probable galactarate transporter => putative galactarate transporter
[19:57:20] Modify product: Uncharacterized N-acetyltransferase YjcF => putative N-acetyltransferase YjcF
[19:57:20] Modify product: Uncharacterized N-acetyltransferase YjcF => putative N-acetyltransferase YjcF
[19:57:20] Modify product: Probable dimethyl sulfoxide reductase chain YnfF => putative dimethyl sulfoxide reductase chain YnfF
[19:57:20] Modify product: Probable chaperone CsaA => putative chaperone CsaA
[19:57:20] Modify product: Probable murein peptide carboxypeptidase => putative murein peptide carboxypeptidase
[19:57:20] Modify product: Uncharacterized symporter YidK => putative symporter YidK
[19:57:20] Modify product: Probable N-acetyl-alpha-D-glucosaminyl L-malate deacetylase 2 => putative N-acetyl-alpha-D-glucosaminyl L-malate deacetylase 2
[19:57:20] Modify product: Uncharacterized protein YojF => putative protein YojF
[19:57:20] Modify product: Uncharacterized symporter YodF => putative symporter YodF
[19:57:20] Modify product: UPF0346 protein YozE => hypothetical protein
[19:57:20] Modify product: Probable succinyl-CoA:3-ketoacid coenzyme A transferase subunit B => putative succinyl-CoA:3-ketoacid coenzyme A transferase subunit B
[19:57:20] Modify product: SCO1 protein homolog => SCO1 protein 
[19:57:20] Modify product: UPF0073 inner membrane protein YqfA => hypothetical protein
[19:57:20] Modify product: Uncharacterized protein YpjQ => putative protein YpjQ
[19:57:20] Modify product: UPF0403 protein YphP => hypothetical protein
[19:57:20] Modify product: Uncharacterized protein YedJ => putative protein YedJ
[19:57:20] Modify product: Probable ATP-dependent helicase DinG homolog => putative ATP-dependent helicase DinG 
[19:57:20] Modify product: UPF0398 protein YpsA => hypothetical protein
[19:57:20] Modify product: Uncharacterized protein YppE => putative protein YppE
[19:57:20] Modify product: Uncharacterized protein YpoC => putative protein YpoC
[19:57:20] Modify product: Uncharacterized protein YpmB => putative protein YpmB
[19:57:20] Modify product: Uncharacterized protein YpjD => putative protein YpjD
[19:57:20] Modify product: Uncharacterized protein YjdB => putative protein YjdB
[19:57:20] Modify product: Uncharacterized protein YxkC => putative protein YxkC
[19:57:20] Modify product: Probable succinyl-CoA:3-ketoacid coenzyme A transferase subunit B => putative succinyl-CoA:3-ketoacid coenzyme A transferase subunit B
[19:57:20] Modify product: Probable succinyl-CoA:3-ketoacid coenzyme A transferase subunit A => putative succinyl-CoA:3-ketoacid coenzyme A transferase subunit A
[19:57:20] Modify product: Uncharacterized esterase YxiM => putative esterase YxiM
[19:57:20] Modify product: Probable amino-acid import ATP-binding protein YxeO => putative amino-acid import ATP-binding protein YxeO
[19:57:20] Modify product: Probable amino-acid permease protein YxeN => putative amino-acid permease protein YxeN
[19:57:20] Modify product: Probable amino-acid-binding protein YxeM => putative amino-acid-binding protein YxeM
[19:57:20] Modify product: Uncharacterized protein YxeI => putative protein YxeI
[19:57:20] Modify product: Uncharacterized protein YxeF => putative protein YxeF
[19:57:20] Modify product: Uncharacterized protein YxeE => putative protein YxeE
[19:57:20] Modify product: Uncharacterized protein YxeA => putative protein YxeA
[19:57:20] Modify product: Probable metabolite transport protein CsbC => putative metabolite transport protein CsbC
[19:57:20] Modify product: Uncharacterized HTH-type transcriptional regulator YxaF => putative HTH-type transcriptional regulator YxaF
[19:57:20] Modify product: Uncharacterized HTH-type transcriptional regulator YydK => putative HTH-type transcriptional regulator YydK
[19:57:20] Modify product: Uncharacterized N-acetyltransferase YycN => putative N-acetyltransferase YycN
[19:57:20] Modify product: Uncharacterized protein YycE => putative protein YycE
[19:57:20] Modify product: Uncharacterized protein YycC => putative protein YycC
[19:57:20] Modify product: Uncharacterized transporter YycB => putative transporter YycB
[19:57:20] Modify product: Uncharacterized HTH-type transcriptional regulator YybR => putative HTH-type transcriptional regulator YybR
[19:57:20] Modify product: Uncharacterized protein YqzG => putative protein YqzG
[19:57:20] Modify product: UPF0053 protein Rv1842c => hypothetical protein
[19:57:20] Modify product: Probable metallo-hydrolase M6_Spy0554 => putative metallo-hydrolase
[19:57:20] Modify product: Uncharacterized protein YqgQ => putative protein YqgQ
[19:57:20] Modify product: Uncharacterized protein YqgN => putative protein YqgN
[19:57:20] Modify product: Nucleotidase CA_C3379 => Nucleotidase
[19:57:20] Modify product: Probable endonuclease 4 => putative endonuclease 4
[19:57:20] Modify product: GTP cyclohydrolase 1 type 2 homolog => GTP cyclohydrolase 1 type 2 
[19:57:20] Modify product: UPF0178 protein YaiI => hypothetical protein
[19:57:20] Modify product: UPF0365 protein SA1402 => hypothetical protein
[19:57:20] Modify product: Uncharacterized protein YqeY => putative protein YqeY
[19:57:20] Modify product: Uncharacterized protein YqeN => putative protein YqeN
[19:57:20] Modify product: RNA-binding protein HI_1333 => RNA-binding protein
[19:57:20] Modify product: Uncharacterized protein YqeH => putative protein YqeH
[19:57:20] Modify product: Uncharacterized oxidoreductase SA2266 => putative oxidoreductase
[19:57:20] Modify product: Uncharacterized protein YjbR => putative protein YjbR
[19:57:20] Modify product: Probable zinc-binding alcohol dehydrogenase Rv1895 => putative zinc-binding alcohol dehydrogenase
[19:57:20] Modify product: Uncharacterized HTH-type transcriptional regulator HI_0186 => putative HTH-type transcriptional regulator
[19:57:20] Modify product: Probable formaldehyde dehydrogenase AdhA => putative formaldehyde dehydrogenase AdhA
[19:57:20] Modify product: Probable formate transporter 2 => putative formate transporter 2
[19:57:20] Modify product: Putative formate dehydrogenase SA2102 => Putative formate dehydrogenase
[19:57:20] Modify product: Uncharacterized methyltransferase YrrT => putative methyltransferase YrrT
[19:57:20] Modify product: 23S rRNA 5-hydroxycytidine C2501 synthase => 23S rRNA 5-hydroxycytidine synthase
[19:57:20] Modify product: UPF0473 protein SP_0194 => hypothetical protein
[19:57:20] Modify product: UPF0297 protein EF_1202 => hypothetical protein
[19:57:20] Modify product: Putative transport protein Rv0205 => Putative transport protein
[19:57:20] Modify product: Uncharacterized AAA domain-containing protein Rv2559c => putative AAA domain-containing protein
[19:57:20] Modify product: UPF0702 transmembrane protein YetF => hypothetical protein
[19:57:20] Modify product: Probable transcriptional regulatory protein aq_1575 => putative transcriptional regulatory protein
[19:57:20] Modify product: Probable nicotinate-nucleotide pyrophosphorylase [carboxylating] => putative nicotinate-nucleotide pyrophosphorylase [carboxylating]
[19:57:20] Modify product: UPF0758 protein YsxA => hypothetical protein
[19:57:20] Modify product: Probable GTP-binding protein EngB => putative GTP-binding protein EngB
[19:57:20] Modify product: Uncharacterized N-acetyltransferase YsnE => putative N-acetyltransferase YsnE
[19:57:20] Modify product: Putative metallophosphoesterase MG207 homolog => Putative metallophosphoesterase MG207 
[19:57:20] Modify product: Uncharacterized HTH-type transcriptional regulator YusO => putative HTH-type transcriptional regulator YusO
[19:57:20] Modify product: Uncharacterized protein YslB => putative protein YslB
[19:57:20] Modify product: Probable enoyl-CoA hydratase => putative enoyl-CoA hydratase
[19:57:20] Modify product: Uncharacterized FAD-linked oxidoreductase Rv2280 => putative FAD-linked oxidoreductase
[19:57:20] Modify product: Probable arabinose-binding protein => putative arabinose-binding protein
[19:57:20] Modify product: Uncharacterized HTH-type transcriptional regulator YtcD => putative HTH-type transcriptional regulator YtcD
[19:57:20] Modify product: Uncharacterized oxidoreductase YtbE => putative oxidoreductase YtbE
[19:57:20] Modify product: Probable sporulation protein YtaF => putative sporulation protein YtaF
[19:57:20] Modify product: UPF0173 metal-dependent hydrolase SA1529 => hypothetical protein
[19:57:20] Modify product: Uncharacterized spore protein YtfJ => putative spore protein YtfJ
[19:57:20] Modify product: Uncharacterized MFS-type transporter YfcJ => putative MFS-type transporter YfcJ
[19:57:20] Modify product: Probable metabolite transport protein CsbC => putative metabolite transport protein CsbC
[19:57:20] Modify product: Uncharacterized N-acetyltransferase YycN => putative N-acetyltransferase YycN
[19:57:20] Modify product: Uncharacterized membrane protein YdfK => putative membrane protein YdfK
[19:57:20] Modify product: Uncharacterized oxidoreductase SA2266 => putative oxidoreductase
[19:57:20] Modify product: Uncharacterized oxidoreductase SpyM50865 => putative oxidoreductase
[19:57:20] Modify product: Uncharacterized oxidoreductase SA2266 => putative oxidoreductase
[19:57:20] Modify product: Uncharacterized HTH-type transcriptional regulator HI_0186 => putative HTH-type transcriptional regulator
[19:57:21] Modify product: Uncharacterized PIN and TRAM-domain containing protein YacL => putative PIN and TRAM-domain containing protein YacL
[19:57:21] Modify product: Uncharacterized protein YacP => putative protein YacP
[19:57:21] Modify product: Ribosome-associated protein L7Ae-like => Ribosome-associated protein L7Ae-like protein
[19:57:21] Modify product: Probable serine/threonine-protein kinase YabT => putative serine/threonine-protein kinase YabT
[19:57:21] Modify product: Uncharacterized protein HP_1423 => putative protein
[19:57:21] Modify product: Uncharacterized metal-dependent hydrolase YcfH => putative metal-dependent hydrolase YcfH
[19:57:21] Modify product: UPF0213 protein SP_1535 => hypothetical protein
[19:57:21] Modify product: TelA-like protein SA1238 => TelA-like protein
[19:57:21] Modify product: Nucleoid-associated protein Cthe_2143 => Nucleoid-associated protein
[19:57:21] Modify product: Probable tRNA sulfurtransferase => putative tRNA sulfurtransferase
[19:57:21] Modify product: Probable HTH-type transcriptional regulator YttP => putative HTH-type transcriptional regulator YttP
[19:57:21] Modify product: UPF0354 protein SA1564 => hypothetical protein
[19:57:21] Modify product: Probable NAD-dependent malic enzyme 2 => putative NAD-dependent malic enzyme 2
[19:57:21] Modify product: Probable quorum-quenching lactonase YtnP => putative quorum-quenching lactonase YtnP
[19:57:21] Modify product: Putative dipeptidase SA1572 => Putative dipeptidase
[19:57:21] Modify product: Uncharacterized HTH-type transcriptional regulator YtzE => putative HTH-type transcriptional regulator YtzE
[19:57:21] Modify product: Uncharacterized protein YesV => putative protein YesV
[19:57:21] Modify product: Uncharacterized multiple-sugar transport system permease YteP => putative multiple-sugar transport system permease YteP
[19:57:21] Modify product: Sulfurtransferase Alvin_2599 => Sulfurtransferase
[19:57:21] Modify product: Uncharacterized membrane protein YttA => putative membrane protein YttA
[19:57:21] Modify product: Probable ABC transporter permease YtrD => putative ABC transporter permease YtrD
[19:57:21] Modify product: Probable ABC transporter permease YtrC => putative ABC transporter permease YtrC
[19:57:21] Modify product: Uncharacterized protein YtmB => putative protein YtmB
[19:57:21] Modify product: Uncharacterized ABC transporter ATP-binding protein YbiT => putative ABC transporter ATP-binding protein YbiT
[19:57:21] Modify product: Phage shock protein A homolog => Phage shock protein A 
[19:57:21] Modify product: Uncharacterized protein YdjM => putative protein YdjM
[19:57:21] Modify product: UPF0316 protein SA1727 => hypothetical protein
[19:57:21] Modify product: Probable antitoxin YezG => putative antitoxin YezG
[19:57:21] Modify product: Probable antitoxin YezG => putative antitoxin YezG
[19:57:21] Modify product: Probable transcriptional regulatory protein SA0624 => putative transcriptional regulatory protein
[19:57:21] Modify product: Uncharacterized protein YesE => putative protein YesE
[19:57:21] Modify product: Probable manganese catalase => putative manganese catalase
[19:57:21] Modify product: Uncharacterized protein YesV => putative protein YesV
[19:57:21] Modify product: Uncharacterized protein YesU => putative protein YesU
[19:57:21] Modify product: Uncharacterized protein YesV => putative protein YesV
[19:57:21] Modify product: Probable rhamnogalacturonan acetylesterase YesY => putative rhamnogalacturonan acetylesterase YesY
[19:57:21] Modify product: Uncharacterized multiple-sugar transport system permease YteP => putative multiple-sugar transport system permease YteP
[19:57:21] Modify product: UPF0702 transmembrane protein YetF => hypothetical protein
[19:57:21] Modify product: Uncharacterized protein YetJ => putative protein YetJ
[19:57:21] Modify product: Uncharacterized amino acid permease YhdG => putative amino acid permease YhdG
[19:57:21] Modify product: Uncharacterized ABC transporter ATP-binding protein YbiT => putative ABC transporter ATP-binding protein YbiT
[19:57:21] Modify product: Probable ATP-dependent RNA helicase YfmL => putative ATP-dependent RNA helicase YfmL
[19:57:21] Modify product: Probable siderophore transport system permease protein YfiZ => putative siderophore transport system permease protein YfiZ
[19:57:21] Modify product: Uncharacterized protein YfmB => putative protein YfmB
[19:57:21] Modify product: Probable metallo-hydrolase YflN => putative metallo-hydrolase YflN
[19:57:21] Modify product: Uncharacterized protein YflH => putative protein YflH
[19:57:21] Modify product: UPF0435 protein YfkK => hypothetical protein
[19:57:21] Modify product: Uncharacterized protein YfkD => putative protein YfkD
[19:57:21] Modify product: Uncharacterized MscS family protein YfkC => putative MscS family protein YfkC
[19:57:21] Modify product: Probable tRNA-dihydrouridine synthase => putative tRNA-dihydrouridine synthase
[19:57:21] Modify product: UPF0060 membrane protein YnfA => hypothetical protein
[19:57:21] Modify product: Uncharacterized ABC transporter ATP-binding protein Rv1273c => putative ABC transporter ATP-binding protein
[19:57:21] Modify product: Uncharacterized ABC transporter ATP-binding protein TM_0288 => putative ABC transporter ATP-binding protein
[19:57:21] Modify product: Probable siderophore-binding lipoprotein YfiY => putative siderophore-binding lipoprotein YfiY
[19:57:21] Modify product: Probable siderophore transport system permease protein YfiZ => putative siderophore transport system permease protein YfiZ
[19:57:21] Modify product: Probable siderophore transport system permease protein YfhA => putative siderophore transport system permease protein YfhA
[19:57:21] Modify product: Epimerase family protein SA0724 => Epimerase family protein
[19:57:21] Modify product: Uncharacterized protein YfhH => putative protein YfhH
[19:57:21] Modify product: Uncharacterized protein YfhP => putative protein YfhP
[19:57:21] Modify product: Uncharacterized protein YfhS => putative protein YfhS
[19:57:21] Modify product: UPF0374 protein SP_1903 => hypothetical protein
[19:57:21] Modify product: Putative multidrug export ATP-binding/permease protein SAV1866 => Putative multidrug export ATP-binding/permease protein
[19:57:21] Modify product: Uncharacterized protein YbbA => putative protein YbbA
[19:57:21] Modify product: PTS system EIIBC component SA0186 => PTS system EIIBC component
[19:57:21] Modify product: Uncharacterized HTH-type transcriptional regulator YbbH => putative HTH-type transcriptional regulator YbbH
[19:57:21] Modify product: Probable serine/threonine-protein kinase YbdM => putative serine/threonine-protein kinase YbdM
[19:57:21] Modify product: Probable transport protein YifK => putative transport protein YifK
[19:57:21] Modify product: Probable beta-lactamase YbxI => putative beta-lactamase YbxI
[19:57:21] Modify product: Uncharacterized inner membrane transporter YhbE => putative inner membrane transporter YhbE
[19:57:21] Modify product: UPF0176 protein SP_0095 => hypothetical protein
[19:57:21] Modify product: Probable glucosamine-6-phosphate deaminase 2 => putative glucosamine-6-phosphate deaminase 2
[19:57:21] Modify product: Uncharacterized membrane protein YbgB => putative membrane protein YbgB
[19:57:21] Modify product: Probable 5-dehydro-4-deoxyglucarate dehydratase => putative 5-dehydro-4-deoxyglucarate dehydratase
[19:57:21] Modify product: Probable glucarate transporter => putative glucarate transporter
[19:57:21] Modify product: Probable cysteine desulfurase => putative cysteine desulfurase
[19:57:21] Modify product: Probable multidrug resistance protein EmrY => putative multidrug resistance protein EmrY
[19:57:21] Modify product: Uncharacterized HTH-type transcriptional regulator YxaF => putative HTH-type transcriptional regulator YxaF
[19:57:21] Modify product: Uncharacterized lipoprotein YcdA => putative lipoprotein YcdA
[19:57:21] Modify product: Probable oligo-1,6-glucosidase 2 => putative oligo-1,6-glucosidase 2
[19:57:21] Modify product: UPF0053 inner membrane protein YoaE => hypothetical protein
[19:57:21] Modify product: TelA-like protein SA1238 => TelA-like protein
[19:57:21] Modify product: Uncharacterized methyltransferase YcgJ => putative methyltransferase YcgJ
[19:57:21] Modify product: Probable ABC transporter extracellular-binding protein YckB => putative ABC transporter extracellular-binding protein YckB
[19:57:21] Modify product: Probable manganese catalase => putative manganese catalase
[19:57:21] Modify product: Probable diguanylate cyclase DgcC => putative diguanylate cyclase DgcC
[19:57:21] Modify product: Probable D-lyxose ketol-isomerase => putative D-lyxose ketol-isomerase
[19:57:21] Modify product: Putative hydro-lyase Atu3911 => Putative hydro-lyase
[19:57:21] Modify product: Uncharacterized protein YcnL => putative protein YcnL
[19:57:21] Modify product: Uncharacterized protein YcnI => putative protein YcnI
[19:57:21] Modify product: Probable multidrug resistance protein EmrY => putative multidrug resistance protein EmrY
[19:57:21] Modify product: Probable UbiX-like flavin prenyltransferase => putative UbiX-like flavin prenyltransferase
[19:57:21] Modify product: Probable manganese catalase => putative manganese catalase
[19:57:21] Modify product: Probable mannose-6-phosphate isomerase GmuF => putative mannose-6-phosphate isomerase GmuF
[19:57:21] Modify product: Uncharacterized protein YdhK => putative protein YdhK
[19:57:21] Cleaned 409 /product names
[19:57:21] Deleting unwanted file: 02results/prokka//PROKKA_01312024.sprot.tmp.116949.faa
[19:57:21] Deleting unwanted file: 02results/prokka//PROKKA_01312024.sprot.tmp.116949.blast
[19:57:21] There are still 1306 unannotated CDS left (started with 3975)
[19:57:21] Will use hmmer3 to search against /home/juantejedor/miniconda3/envs/genomica/db/hmm/HAMAP.hmm with 10 CPUs
[19:57:21] Running: cat 02results\/prokka\/\/PROKKA_01312024\.HAMAP\.hmm\.tmp\.116949\.faa | parallel --gnu --plain -j 10 --block 14766 --recstart '>' --pipe hmmscan --noali --notextw --acc -E 1e-09 --cpu 1 /home/juantejedor/miniconda3/envs/genomica/db/hmm/HAMAP.hmm /dev/stdin > 02results\/prokka\/\/PROKKA_01312024\.HAMAP\.hmm\.tmp\.116949\.hmmer3 2> /dev/null
[19:57:32] Modify product: Uncharacterized MFS-type transporter YcaD => putative MFS-type transporter YcaD
[19:57:32] Modify product: Protein SprT-like => Protein SprT-like protein
[19:57:32] Cleaned 2 /product names
[19:57:32] Deleting unwanted file: 02results/prokka//PROKKA_01312024.HAMAP.hmm.tmp.116949.faa
[19:57:32] Deleting unwanted file: 02results/prokka//PROKKA_01312024.HAMAP.hmm.tmp.116949.hmmer3
[19:57:32] Labelling remaining 1188 proteins as 'hypothetical protein'
[19:57:32] Possible /pseudo 'Putative fluoride ion transporter CrcB' at 1 position 85955
[19:57:32] Possible /pseudo 'Transcriptional regulator ManR' at 1 position 315616
[19:57:32] Possible /pseudo 'putative protein' at 1 position 699173
[19:57:32] Possible /pseudo 'ATP-dependent protease ATPase subunit ClpY' at 1 position 733803
[19:57:32] Possible /pseudo 'D-alanine--D-alanyl carrier protein ligase' at 1 position 1020681
[19:57:32] Possible /pseudo 'Tyrosine recombinase XerC' at 1 position 1079069
[19:57:32] Possible /pseudo 'Methyl-accepting chemotaxis protein McpA' at 2 position 27372
[19:57:32] Possible /pseudo 'Methyl-accepting chemotaxis protein McpA' at 2 position 29486
[19:57:32] Possible /pseudo 'Long-chain-alcohol dehydrogenase 2' at 2 position 46779
[19:57:32] Possible /pseudo 'Anthranilate phosphoribosyltransferase' at 2 position 168714
[19:57:32] Possible /pseudo 'HTH-type transcriptional repressor RghR' at 2 position 285141
[19:57:32] Possible /pseudo 'Arabinogalactan endo-beta-1,4-galactanase' at 2 position 337369
[19:57:32] Possible /pseudo 'Guanidinium exporter' at 2 position 376729
[19:57:32] Possible /pseudo 'Flagellar basal-body rod protein FlgG' at 2 position 584986
[19:57:32] Possible /pseudo '5-methyltetrahydropteroyltriglutamate--homocysteine methyltransferase' at 2 position 842117
[19:57:32] Possible /pseudo 'Putative ring-cleaving dioxygenase MhqE' at 3 position 59913
[19:57:32] Possible /pseudo 'putative peptidoglycan glycosyltransferase FtsW' at 3 position 258546
[19:57:32] Possible /pseudo 'Phosphate import ATP-binding protein PstB 3' at 3 position 378857
[19:57:32] Possible /pseudo 'putative antitoxin YezG' at 4 position 96759
[19:57:32] Possible /pseudo 'putative ABC transporter ATP-binding protein' at 4 position 242553
[19:57:32] Possible /pseudo 'Putative PTS system glucosamine-specific EIICBA component' at 5 position 78609
[19:57:32] Possible /pseudo 'General stress protein 16U' at 5 position 133679
[19:57:32] Possible /pseudo 'putative oxidoreductase' at 7 position 91119
[19:57:32] Found 2292 unique /gene codes.
[19:57:32] Fixed 2 duplicate /gene - ywqC_1 ywqC_2
[19:57:32] Fixed 2 duplicate /gene - speA_1 speA_2
[19:57:32] Fixed 3 duplicate /gene - hcaB_1 hcaB_2 hcaB_3
[19:57:32] Fixed 3 duplicate /gene - dltA_1 dltA_2 dltA_3
[19:57:32] Fixed 2 duplicate /gene - ugtP_1 ugtP_2
[19:57:32] Fixed 3 duplicate /gene - metE_1 metE_2 metE_3
[19:57:32] Fixed 2 duplicate /gene - scmP_1 scmP_2
[19:57:32] Fixed 2 duplicate /gene - mneS_1 mneS_2
[19:57:32] Fixed 2 duplicate /gene - lacR_1 lacR_2
[19:57:32] Fixed 2 duplicate /gene - yceD_1 yceD_2
[19:57:32] Fixed 2 duplicate /gene - csh_1 csh_2
[19:57:32] Fixed 2 duplicate /gene - iscS_1 iscS_2
[19:57:32] Fixed 2 duplicate /gene - oleD_1 oleD_2
[19:57:32] Fixed 4 duplicate /gene - glpQ_1 glpQ_2 glpQ_3 glpQ_4
[19:57:32] Fixed 2 duplicate /gene - ltaS1_1 ltaS1_2
[19:57:32] Fixed 2 duplicate /gene - rluD_1 rluD_2
[19:57:32] Fixed 3 duplicate /gene - graR_1 graR_2 graR_3
[19:57:32] Fixed 3 duplicate /gene - yjcF_1 yjcF_2 yjcF_3
[19:57:32] Fixed 2 duplicate /gene - yodB_1 yodB_2
[19:57:32] Fixed 4 duplicate /gene - proC_1 proC_2 proC_3 proC_4
[19:57:32] Fixed 2 duplicate /gene - yesS_1 yesS_2
[19:57:32] Fixed 2 duplicate /gene - putR_1 putR_2
[19:57:32] Fixed 2 duplicate /gene - gltR_1 gltR_2
[19:57:32] Fixed 2 duplicate /gene - adh2_1 adh2_2
[19:57:32] Fixed 3 duplicate /gene - mcpA_1 mcpA_2 mcpA_3
[19:57:32] Fixed 2 duplicate /gene - yknX_1 yknX_2
[19:57:32] Fixed 2 duplicate /gene - ykfA_1 ykfA_2
[19:57:32] Fixed 2 duplicate /gene - xylB_1 xylB_2
[19:57:32] Fixed 5 duplicate /gene - rapA_1 rapA_2 rapA_3 rapA_4 rapA_5
[19:57:32] Fixed 2 duplicate /gene - lutA_1 lutA_2
[19:57:32] Fixed 2 duplicate /gene - iolG_1 iolG_2
[19:57:32] Fixed 4 duplicate /gene - rcsC_1 rcsC_2 rcsC_3 rcsC_4
[19:57:32] Fixed 2 duplicate /gene - ltaS2_1 ltaS2_2
[19:57:32] Fixed 2 duplicate /gene - bm3R1_1 bm3R1_2
[19:57:32] Fixed 2 duplicate /gene - maeA_1 maeA_2
[19:57:32] Fixed 2 duplicate /gene - kdsB_1 kdsB_2
[19:57:32] Fixed 2 duplicate /gene - panE_1 panE_2
[19:57:32] Fixed 2 duplicate /gene - crcB_1 crcB_2
[19:57:32] Fixed 2 duplicate /gene - ypjQ_1 ypjQ_2
[19:57:32] Fixed 2 duplicate /gene - cysH_1 cysH_2
[19:57:32] Fixed 2 duplicate /gene - mepA_1 mepA_2
[19:57:32] Fixed 2 duplicate /gene - pchR_1 pchR_2
[19:57:32] Fixed 2 duplicate /gene - sat_1 sat_2
[19:57:32] Fixed 2 duplicate /gene - rlmCD_1 rlmCD_2
[19:57:32] Fixed 2 duplicate /gene - cheY_1 cheY_2
[19:57:32] Fixed 2 duplicate /gene - bacC_1 bacC_2
[19:57:32] Fixed 2 duplicate /gene - ydhP_1 ydhP_2
[19:57:32] Fixed 3 duplicate /gene - iolT_1 iolT_2 iolT_3
[19:57:32] Fixed 2 duplicate /gene - brnQ_1 brnQ_2
[19:57:32] Fixed 2 duplicate /gene - khtT_1 khtT_2
[19:57:32] Fixed 2 duplicate /gene - tarQ_1 tarQ_2
[19:57:32] Fixed 2 duplicate /gene - yusV_1 yusV_2
[19:57:32] Fixed 2 duplicate /gene - cotH_1 cotH_2
[19:57:32] Fixed 2 duplicate /gene - corA_1 corA_2
[19:57:32] Fixed 3 duplicate /gene - rspR_1 rspR_2 rspR_3
[19:57:32] Fixed 3 duplicate /gene - ydaD_1 ydaD_2 ydaD_3
[19:57:32] Fixed 2 duplicate /gene - ganB_1 ganB_2
[19:57:32] Fixed 2 duplicate /gene - rghR_1 rghR_2
[19:57:32] Fixed 2 duplicate /gene - cycA_1 cycA_2
[19:57:32] Fixed 3 duplicate /gene - graS_1 graS_2 graS_3
[19:57:32] Fixed 2 duplicate /gene - ylmB_1 ylmB_2
[19:57:32] Fixed 2 duplicate /gene - carB_1 carB_2
[19:57:32] Fixed 2 duplicate /gene - yflH_1 yflH_2
[19:57:32] Fixed 2 duplicate /gene - murJ_1 murJ_2
[19:57:32] Fixed 3 duplicate /gene - pdhD_1 pdhD_2 pdhD_3
[19:57:32] Fixed 2 duplicate /gene - rocB_1 rocB_2
[19:57:32] Fixed 2 duplicate /gene - acsA_1 acsA_2
[19:57:32] Fixed 2 duplicate /gene - nagR_1 nagR_2
[19:57:32] Fixed 2 duplicate /gene - desK_1 desK_2
[19:57:32] Fixed 2 duplicate /gene - ppaX_1 ppaX_2
[19:57:32] Fixed 2 duplicate /gene - yfiZ_1 yfiZ_2
[19:57:32] Fixed 2 duplicate /gene - norR_1 norR_2
[19:57:32] Fixed 2 duplicate /gene - resA_1 resA_2
[19:57:32] Fixed 2 duplicate /gene - rsfA_1 rsfA_2
[19:57:32] Fixed 2 duplicate /gene - ytrB_1 ytrB_2
[19:57:32] Fixed 2 duplicate /gene - rnmV_1 rnmV_2
[19:57:32] Fixed 2 duplicate /gene - epsF_1 epsF_2
[19:57:32] Fixed 3 duplicate /gene - trpD_1 trpD_2 trpD_3
[19:57:32] Fixed 4 duplicate /gene - xerC_1 xerC_2 xerC_3 xerC_4
[19:57:32] Fixed 2 duplicate /gene - priA_1 priA_2
[19:57:32] Fixed 3 duplicate /gene - smc_1 smc_2 smc_3
[19:57:32] Fixed 4 duplicate /gene - ftsW_1 ftsW_2 ftsW_3 ftsW_4
[19:57:32] Fixed 2 duplicate /gene - queE_1 queE_2
[19:57:32] Fixed 4 duplicate /gene - sasA_1 sasA_2 sasA_3 sasA_4
[19:57:32] Fixed 2 duplicate /gene - feuC_1 feuC_2
[19:57:32] Fixed 3 duplicate /gene - hrp1_1 hrp1_2 hrp1_3
[19:57:32] Fixed 3 duplicate /gene - flgG_1 flgG_2 flgG_3
[19:57:32] Fixed 2 duplicate /gene - ktrB_1 ktrB_2
[19:57:32] Fixed 2 duplicate /gene - ecsA_1 ecsA_2
[19:57:32] Fixed 2 duplicate /gene - lcfB_1 lcfB_2
[19:57:32] Fixed 5 duplicate /gene - gabR_1 gabR_2 gabR_3 gabR_4 gabR_5
[19:57:32] Fixed 6 duplicate /gene - fabG_1 fabG_2 fabG_3 fabG_4 fabG_5 fabG_6
[19:57:32] Fixed 2 duplicate /gene - clpY_1 clpY_2
[19:57:32] Fixed 2 duplicate /gene - pbpH_1 pbpH_2
[19:57:32] Fixed 2 duplicate /gene - gerPF_1 gerPF_2
[19:57:32] Fixed 3 duplicate /gene - gtaB_1 gtaB_2 gtaB_3
[19:57:32] Fixed 2 duplicate /gene - ydjM_1 ydjM_2
[19:57:32] Fixed 2 duplicate /gene - dnaA_1 dnaA_2
[19:57:32] Fixed 2 duplicate /gene - yycN_1 yycN_2
[19:57:32] Fixed 2 duplicate /gene - mgsR_1 mgsR_2
[19:57:32] Fixed 2 duplicate /gene - mhqR_1 mhqR_2
[19:57:32] Fixed 2 duplicate /gene - ccsA_1 ccsA_2
[19:57:32] Fixed 2 duplicate /gene - bglC_1 bglC_2
[19:57:32] Fixed 2 duplicate /gene - yxdM_1 yxdM_2
[19:57:32] Fixed 2 duplicate /gene - ccpB_1 ccpB_2
[19:57:32] Fixed 2 duplicate /gene - dinG_1 dinG_2
[19:57:32] Fixed 2 duplicate /gene - pbuE_1 pbuE_2
[19:57:32] Fixed 3 duplicate /gene - lrpC_1 lrpC_2 lrpC_3
[19:57:32] Fixed 2 duplicate /gene - pnp_1 pnp_2
[19:57:32] Fixed 2 duplicate /gene - scoB_1 scoB_2
[19:57:32] Fixed 2 duplicate /gene - gerBA_1 gerBA_2
[19:57:32] Fixed 2 duplicate /gene - yxdL_1 yxdL_2
[19:57:32] Fixed 2 duplicate /gene - rsmH_1 rsmH_2
[19:57:32] Fixed 2 duplicate /gene - sacX_1 sacX_2
[19:57:32] Fixed 2 duplicate /gene - dppC_1 dppC_2
[19:57:32] Fixed 2 duplicate /gene - slyA_1 slyA_2
[19:57:32] Fixed 5 duplicate /gene - bcrA_1 bcrA_2 bcrA_3 bcrA_4 bcrA_5
[19:57:32] Fixed 2 duplicate /gene - cotSA_1 cotSA_2
[19:57:32] Fixed 2 duplicate /gene - yodF_1 yodF_2
[19:57:32] Fixed 3 duplicate /gene - thiO_1 thiO_2 thiO_3
[19:57:32] Fixed 2 duplicate /gene - manR_1 manR_2
[19:57:32] Fixed 2 duplicate /gene - pepF1_1 pepF1_2
[19:57:32] Fixed 3 duplicate /gene - yesV_1 yesV_2 yesV_3
[19:57:32] Fixed 2 duplicate /gene - pfkA_1 pfkA_2
[19:57:32] Fixed 4 duplicate /gene - iolS_1 iolS_2 iolS_3 iolS_4
[19:57:32] Fixed 2 duplicate /gene - yusO_1 yusO_2
[19:57:32] Fixed 2 duplicate /gene - des_1 des_2
[19:57:32] Fixed 3 duplicate /gene - rapF_1 rapF_2 rapF_3
[19:57:32] Fixed 2 duplicate /gene - dcuS_1 dcuS_2
[19:57:32] Fixed 2 duplicate /gene - ydjF_1 ydjF_2
[19:57:32] Fixed 2 duplicate /gene - uvrC_1 uvrC_2
[19:57:32] Fixed 3 duplicate /gene - ysdC_1 ysdC_2 ysdC_3
[19:57:32] Fixed 2 duplicate /gene - ydjZ_1 ydjZ_2
[19:57:32] Fixed 2 duplicate /gene - ypbG_1 ypbG_2
[19:57:32] Fixed 2 duplicate /gene - cpdA_1 cpdA_2
[19:57:32] Fixed 2 duplicate /gene - yjiB_1 yjiB_2
[19:57:32] Fixed 2 duplicate /gene - pomA_1 pomA_2
[19:57:32] Fixed 3 duplicate /gene - gerAA_1 gerAA_2 gerAA_3
[19:57:32] Fixed 2 duplicate /gene - rizA_1 rizA_2
[19:57:32] Fixed 2 duplicate /gene - dapH_1 dapH_2
[19:57:32] Fixed 3 duplicate /gene - cwlA_1 cwlA_2 cwlA_3
[19:57:32] Fixed 3 duplicate /gene - dbpA_1 dbpA_2 dbpA_3
[19:57:32] Fixed 2 duplicate /gene - bioY_1 bioY_2
[19:57:32] Fixed 2 duplicate /gene - ccpA_1 ccpA_2
[19:57:32] Fixed 2 duplicate /gene - lipO_1 lipO_2
[19:57:32] Fixed 3 duplicate /gene - btuD_1 btuD_2 btuD_3
[19:57:32] Fixed 2 duplicate /gene - desR_1 desR_2
[19:57:32] Fixed 2 duplicate /gene - emrY_1 emrY_2
[19:57:32] Fixed 4 duplicate /gene - araQ_1 araQ_2 araQ_3 araQ_4
[19:57:32] Fixed 2 duplicate /gene - licC_1 licC_2
[19:57:32] Fixed 2 duplicate /gene - cimH_1 cimH_2
[19:57:32] Fixed 2 duplicate /gene - ktrA_1 ktrA_2
[19:57:32] Fixed 2 duplicate /gene - xerD_1 xerD_2
[19:57:32] Fixed 2 duplicate /gene - tetA_1 tetA_2
[19:57:32] Fixed 2 duplicate /gene - pepT_1 pepT_2
[19:57:32] Fixed 4 duplicate /gene - gltC_1 gltC_2 gltC_3 gltC_4
[19:57:32] Fixed 4 duplicate /gene - rapH_1 rapH_2 rapH_3 rapH_4
[19:57:32] Fixed 2 duplicate /gene - bdhA_1 bdhA_2
[19:57:32] Fixed 2 duplicate /gene - adhA_1 adhA_2
[19:57:32] Fixed 2 duplicate /gene - panS_1 panS_2
[19:57:32] Fixed 2 duplicate /gene - arlR_1 arlR_2
[19:57:32] Fixed 3 duplicate /gene - bglF_1 bglF_2 bglF_3
[19:57:32] Fixed 2 duplicate /gene - cidA_1 cidA_2
[19:57:32] Fixed 2 duplicate /gene - ytrA_1 ytrA_2
[19:57:32] Fixed 2 duplicate /gene - cysK_1 cysK_2
[19:57:32] Fixed 3 duplicate /gene - walR_1 walR_2 walR_3
[19:57:32] Fixed 3 duplicate /gene - htpX_1 htpX_2 htpX_3
[19:57:32] Fixed 3 duplicate /gene - IMPDH_1 IMPDH_2 IMPDH_3
[19:57:32] Fixed 2 duplicate /gene - wapI_1 wapI_2
[19:57:32] Fixed 2 duplicate /gene - yxaF_1 yxaF_2
[19:57:32] Fixed 3 duplicate /gene - pdhC_1 pdhC_2 pdhC_3
[19:57:32] Fixed 2 duplicate /gene - mntH_1 mntH_2
[19:57:32] Fixed 2 duplicate /gene - der_1 der_2
[19:57:32] Fixed 2 duplicate /gene - yknY_1 yknY_2
[19:57:32] Fixed 2 duplicate /gene - fosB_1 fosB_2
[19:57:32] Fixed 2 duplicate /gene - ydhD_1 ydhD_2
[19:57:32] Fixed 2 duplicate /gene - lnrK_1 lnrK_2
[19:57:32] Fixed 2 duplicate /gene - dapX_1 dapX_2
[19:57:32] Fixed 2 duplicate /gene - fabZ_1 fabZ_2
[19:57:32] Fixed 2 duplicate /gene - gutB_1 gutB_2
[19:57:32] Fixed 2 duplicate /gene - degA_1 degA_2
[19:57:32] Fixed 2 duplicate /gene - yodC_1 yodC_2
[19:57:32] Fixed 2 duplicate /gene - proB_1 proB_2
[19:57:32] Fixed 3 duplicate /gene - COQ5_1 COQ5_2 COQ5_3
[19:57:32] Fixed 2 duplicate /gene - sacY_1 sacY_2
[19:57:32] Fixed 2 duplicate /gene - iolX_1 iolX_2
[19:57:32] Fixed 2 duplicate /gene - carA_1 carA_2
[19:57:32] Fixed 2 duplicate /gene - pstB3_1 pstB3_2
[19:57:32] Fixed 2 duplicate /gene - liaR_1 liaR_2
[19:57:32] Fixed 2 duplicate /gene - lipC_1 lipC_2
[19:57:32] Fixed 3 duplicate /gene - oppF_1 oppF_2 oppF_3
[19:57:32] Fixed 3 duplicate /gene - rhaS_1 rhaS_2 rhaS_3
[19:57:32] Fixed 2 duplicate /gene - ribZ_1 ribZ_2
[19:57:32] Fixed 2 duplicate /gene - cysC_1 cysC_2
[19:57:32] Fixed 4 duplicate /gene - mdrP_1 mdrP_2 mdrP_3 mdrP_4
[19:57:32] Fixed 3 duplicate /gene - lutR_1 lutR_2 lutR_3
[19:57:32] Fixed 2 duplicate /gene - ldh_1 ldh_2
[19:57:32] Fixed 2 duplicate /gene - gltP_1 gltP_2
[19:57:32] Fixed 2 duplicate /gene - gdx_1 gdx_2
[19:57:32] Fixed 2 duplicate /gene - ahpC_1 ahpC_2
[19:57:32] Fixed 2 duplicate /gene - ptsH_1 ptsH_2
[19:57:32] Fixed 2 duplicate /gene - xylP_1 xylP_2
[19:57:32] Fixed 2 duplicate /gene - nucB_1 nucB_2
[19:57:32] Fixed 2 duplicate /gene - pta_1 pta_2
[19:57:32] Fixed 2 duplicate /gene - yhdG_1 yhdG_2
[19:57:32] Fixed 2 duplicate /gene - dksA_1 dksA_2
[19:57:32] Fixed 2 duplicate /gene - iolU_1 iolU_2
[19:57:32] Fixed 2 duplicate /gene - flhB_1 flhB_2
[19:57:32] Fixed 3 duplicate /gene - gloB_1 gloB_2 gloB_3
[19:57:32] Fixed 2 duplicate /gene - metQ_1 metQ_2
[19:57:32] Fixed 2 duplicate /gene - mltG_1 mltG_2
[19:57:32] Fixed 2 duplicate /gene - hxlR_1 hxlR_2
[19:57:32] Fixed 2 duplicate /gene - ssuC_1 ssuC_2
[19:57:32] Fixed 2 duplicate /gene - norG_1 norG_2
[19:57:32] Fixed 2 duplicate /gene - msmX_1 msmX_2
[19:57:32] Fixed 2 duplicate /gene - mhqE_1 mhqE_2
[19:57:32] Fixed 4 duplicate /gene - ydbD_1 ydbD_2 ydbD_3 ydbD_4
[19:57:32] Fixed 3 duplicate /gene - ymfD_1 ymfD_2 ymfD_3
[19:57:32] Fixed 3 duplicate /gene - cheB_1 cheB_2 cheB_3
[19:57:32] Fixed 2 duplicate /gene - pucK_1 pucK_2
[19:57:32] Fixed 3 duplicate /gene - gerBC_1 gerBC_2 gerBC_3
[19:57:32] Fixed 2 duplicate /gene - htrA_1 htrA_2
[19:57:32] Fixed 2 duplicate /gene - petC_1 petC_2
[19:57:32] Fixed 2 duplicate /gene - cysL_1 cysL_2
[19:57:32] Fixed 2 duplicate /gene - bacF_1 bacF_2
[19:57:32] Fixed 2 duplicate /gene - yezG_1 yezG_2
[19:57:32] Fixed 3 duplicate /gene - alsT_1 alsT_2 alsT_3
[19:57:32] Fixed 2 duplicate /gene - gamP_1 gamP_2
[19:57:32] Fixed 3 duplicate /gene - opcR_1 opcR_2 opcR_3
[19:57:32] Fixed 3 duplicate /gene - rocC_1 rocC_2 rocC_3
[19:57:32] Fixed 2 duplicate /gene - srrA_1 srrA_2
[19:57:32] Fixed 2 duplicate /gene - dinB_1 dinB_2
[19:57:32] Fixed 2 duplicate /gene - katA_1 katA_2
[19:57:32] Fixed 2 duplicate /gene - wecD_1 wecD_2
[19:57:32] Fixed 3 duplicate /gene - oppD_1 oppD_2 oppD_3
[19:57:32] Fixed 2 duplicate /gene - tadA_1 tadA_2
[19:57:32] Fixed 3 duplicate /gene - lnrL_1 lnrL_2 lnrL_3
[19:57:32] Fixed 3 duplicate /gene - csbC_1 csbC_2 csbC_3
[19:57:32] Fixed 2 duplicate /gene - motB_1 motB_2
[19:57:32] Fixed 2 duplicate /gene - yteP_1 yteP_2
[19:57:32] Fixed 3 duplicate /gene - ybiT_1 ybiT_2 ybiT_3
[19:57:32] Fixed 2 duplicate /gene - rok_1 rok_2
[19:57:32] Fixed 2 duplicate /gene - rhaR_1 rhaR_2
[19:57:32] Fixed 3 duplicate /gene - bmr3_1 bmr3_2 bmr3_3
[19:57:32] Fixed 2 duplicate /gene - lytC_1 lytC_2
[19:57:32] Fixed 2 duplicate /gene - fumC_1 fumC_2
[19:57:32] Fixed 246 colliding /gene names.
[19:57:32] Adding /locus_tag identifiers
[19:57:32] Assigned 3997 locus_tags to CDS and RNA features.
[19:57:32] Writing outputs to 02results/prokka//
[19:57:34] Generating annotation statistics file
[19:57:34] Generating Genbank and Sequin files
[19:57:34] Running: tbl2asn -V b -a r10k -l paired-ends -M n -N 1 -y 'Annotated using prokka 1.14.6 from https://github.com/tseemann/prokka' -Z 02results\/prokka\/\/PROKKA_01312024\.err -i 02results\/prokka\/\/PROKKA_01312024\.fsa 2> /dev/null
[19:57:38] Deleting unwanted file: 02results/prokka//errorsummary.val
[19:57:38] Deleting unwanted file: 02results/prokka//PROKKA_01312024.dr
[19:57:38] Deleting unwanted file: 02results/prokka//PROKKA_01312024.fixedproducts
[19:57:38] Deleting unwanted file: 02results/prokka//PROKKA_01312024.ecn
[19:57:38] Deleting unwanted file: 02results/prokka//PROKKA_01312024.val
[19:57:38] Repairing broken .GBK output that tbl2asn produces...
[19:57:38] Running: sed 's/COORDINATES: profile/COORDINATES:profile/' < 02results\/prokka\/\/PROKKA_01312024\.gbf > 02results\/prokka\/\/PROKKA_01312024\.gbk
[19:57:38] Deleting unwanted file: 02results/prokka//PROKKA_01312024.gbf
[19:57:38] Output files:
[19:57:38] 02results/prokka/PROKKA_01312024.log
[19:57:38] 02results/prokka/PROKKA_01312024.txt
[19:57:38] 02results/prokka/PROKKA_01312024.err
[19:57:38] 02results/prokka/PROKKA_01312024.tsv
[19:57:38] 02results/prokka/PROKKA_01312024.faa
[19:57:38] 02results/prokka/PROKKA_01312024.gbk
[19:57:38] 02results/prokka/PROKKA_01312024.fna
[19:57:38] 02results/prokka/PROKKA_01312024.ffn
[19:57:38] 02results/prokka/PROKKA_01312024.sqn
[19:57:38] 02results/prokka/PROKKA_01312024.tbl
[19:57:38] 02results/prokka/PROKKA_01312024.gff
[19:57:38] 02results/prokka/PROKKA_01312024.fsa
[19:57:38] Annotation finished successfully.
[19:57:38] Walltime used: 1.13 minutes
[19:57:38] If you use this result please cite the Prokka paper:
[19:57:38] Seemann T (2014) Prokka: rapid prokaryotic genome annotation. Bioinformatics. 30(14):2068-9.
[19:57:38] Type 'prokka --citation' for more details.
[19:57:38] Thank you, come again.
